Base path: '/Applications/Unity/Hub/Editor/2021.3.6f1/Unity.app/Contents', plugins path '/Applications/Unity/Hub/Editor/2021.3.6f1/PlaybackEngines'
Cmd: initializeCompiler

Cmd: disassembleShader
 name=Standard platform=gles type=5 mask=6 insize=14455 outsize=14455 ok=1

Cmd: disassembleShader
 name=Standard platform=gles type=5 mask=6 insize=15574 outsize=15574 ok=1

Cmd: disassembleShader
 name=Standard platform=gles type=5 mask=6 insize=9567 outsize=9567 ok=1

Cmd: disassembleShader
 name=Standard platform=gles type=5 mask=6 insize=15402 outsize=15402 ok=1

Cmd: disassembleShader
 name=Standard platform=gles type=5 mask=6 insize=12989 outsize=12989 ok=1

Cmd: disassembleShader
 name=Standard platform=gles type=5 mask=6 insize=13056 outsize=13056 ok=1

Cmd: disassembleShader
 name=Standard platform=gles type=5 mask=6 insize=6666 outsize=6666 ok=1

Cmd: disassembleShader
 name=Standard platform=gles type=5 mask=6 insize=12815 outsize=12815 ok=1

Cmd: disassembleShader
 name=Standard platform=gles type=5 mask=6 insize=16017 outsize=16017 ok=1

Cmd: disassembleShader
 name=Standard platform=gles type=5 mask=6 insize=16022 outsize=16022 ok=1

Cmd: disassembleShader
 name=Standard platform=gles type=5 mask=6 insize=9600 outsize=9600 ok=1

Cmd: disassembleShader
 name=Standard platform=gles type=5 mask=6 insize=15843 outsize=15843 ok=1

Cmd: disassembleShader
 name=Standard platform=gles type=5 mask=6 insize=14071 outsize=14071 ok=1

Cmd: disassembleShader
 name=Standard platform=gles type=5 mask=6 insize=14145 outsize=14145 ok=1

Cmd: disassembleShader
 name=Standard platform=gles type=5 mask=6 insize=8138 outsize=8138 ok=1

Cmd: disassembleShader
 name=Standard platform=gles type=5 mask=6 insize=13897 outsize=13897 ok=1

Cmd: disassembleShader
 name=Standard platform=gles type=5 mask=6 insize=17138 outsize=17138 ok=1

Cmd: disassembleShader
 name=Standard platform=gles type=5 mask=6 insize=17136 outsize=17136 ok=1

Cmd: disassembleShader
 name=Standard platform=gles type=5 mask=6 insize=11129 outsize=11129 ok=1

Cmd: disassembleShader
 name=Standard platform=gles type=5 mask=6 insize=16964 outsize=16964 ok=1

Cmd: disassembleShader
 name=Standard platform=gles type=5 mask=6 insize=12989 outsize=12989 ok=1

Cmd: disassembleShader
 name=Standard platform=gles type=5 mask=6 insize=13056 outsize=13056 ok=1

Cmd: disassembleShader
 name=Standard platform=gles type=5 mask=6 insize=6666 outsize=6666 ok=1

Cmd: disassembleShader
 name=Standard platform=gles3 type=4 mask=6 insize=14945 outsize=14945 ok=1

Cmd: disassembleShader
 name=Standard platform=gles3 type=4 mask=6 insize=18219 outsize=18219 ok=1

Cmd: disassembleShader
 name=Standard platform=gles3 type=4 mask=6 insize=18188 outsize=18188 ok=1

Cmd: disassembleShader
 name=Standard platform=gles3 type=4 mask=6 insize=12164 outsize=12164 ok=1

Cmd: disassembleShader
 name=Standard platform=gles3 type=4 mask=6 insize=18026 outsize=18026 ok=1

Cmd: disassembleShader
 name=Standard platform=gles3 type=4 mask=6 insize=16147 outsize=16147 ok=1

Cmd: disassembleShader
 name=Standard platform=gles3 type=4 mask=6 insize=16225 outsize=16225 ok=1

Cmd: disassembleShader
 name=Standard platform=gles3 type=4 mask=6 insize=10395 outsize=10395 ok=1

Cmd: disassembleShader
 name=Standard platform=gles3 type=4 mask=6 insize=15954 outsize=15954 ok=1

Cmd: disassembleShader
 name=Standard platform=gles3 type=4 mask=6 insize=19152 outsize=19152 ok=1

Cmd: disassembleShader
 name=Standard platform=gles3 type=4 mask=6 insize=19090 outsize=19090 ok=1

Cmd: disassembleShader
 name=Standard platform=gles3 type=4 mask=6 insize=13385 outsize=13385 ok=1

Cmd: disassembleShader
 name=Standard platform=gles3 type=4 mask=6 insize=18959 outsize=18959 ok=1

Cmd: disassembleShader
 name=Standard platform=gles3 type=4 mask=6 insize=15138 outsize=15138 ok=1

Cmd: disassembleShader
 name=Standard platform=gles3 type=4 mask=6 insize=15214 outsize=15214 ok=1

Cmd: disassembleShader
 name=Standard platform=gles3 type=4 mask=6 insize=9105 outsize=9105 ok=1

Cmd: disassembleShader
 name=Standard platform=gles3 type=4 mask=6 insize=14945 outsize=14945 ok=1

Cmd: disassembleShader
 name=Standard platform=gles3 type=4 mask=6 insize=19781 outsize=19781 ok=1

Cmd: disassembleShader
 name=Standard platform=gles3 type=4 mask=6 insize=19750 outsize=19750 ok=1

Cmd: disassembleShader
 name=Standard platform=gles3 type=4 mask=6 insize=13726 outsize=13726 ok=1

Cmd: disassembleShader
 name=Standard platform=gles3 type=4 mask=6 insize=19588 outsize=19588 ok=1

Cmd: disassembleShader
 name=Standard platform=gles3 type=4 mask=6 insize=16147 outsize=16147 ok=1

Cmd: disassembleShader
 name=Standard platform=gles3 type=4 mask=6 insize=16225 outsize=16225 ok=1

Cmd: disassembleShader
 name=Standard platform=gles3 type=4 mask=6 insize=10395 outsize=10395 ok=1

Cmd: disassembleShader
 name=Standard platform=gles3 type=4 mask=6 insize=15954 outsize=15954 ok=1

Cmd: disassembleShader
 name=Standard platform=gles3 type=4 mask=6 insize=20714 outsize=20714 ok=1

Cmd: disassembleShader
 name=Standard platform=gles3 type=4 mask=6 insize=20652 outsize=20652 ok=1

Cmd: disassembleShader
 name=Standard platform=gles3 type=4 mask=6 insize=14947 outsize=14947 ok=1

Cmd: disassembleShader
 name=Standard platform=gles3 type=4 mask=6 insize=20521 outsize=20521 ok=1

Cmd: disassembleShader
 name=Standard platform=gles3 type=4 mask=6 insize=15138 outsize=15138 ok=1

Cmd: disassembleShader
 name=Standard platform=gles3 type=4 mask=6 insize=15214 outsize=15214 ok=1

Cmd: disassembleShader
 name=Standard platform=gles3 type=4 mask=6 insize=9105 outsize=9105 ok=1

Cmd: disassembleShader
 name=Standard platform=gles type=5 mask=6 insize=7361 outsize=7361 ok=1

Cmd: disassembleShader
 name=Standard platform=gles type=5 mask=6 insize=8429 outsize=8429 ok=1

Cmd: disassembleShader
 name=Standard platform=gles type=5 mask=6 insize=11146 outsize=11146 ok=1

Cmd: disassembleShader
 name=Standard platform=gles type=5 mask=6 insize=8737 outsize=8737 ok=1

Cmd: disassembleShader
 name=Standard platform=gles type=5 mask=6 insize=10188 outsize=10188 ok=1

Cmd: disassembleShader
 name=Standard platform=gles type=5 mask=6 insize=9769 outsize=9769 ok=1

Cmd: disassembleShader
 name=Standard platform=gles type=5 mask=6 insize=10334 outsize=10334 ok=1

Cmd: disassembleShader
 name=Standard platform=gles3 type=4 mask=6 insize=9417 outsize=9417 ok=1

Cmd: disassembleShader
 name=Standard platform=gles3 type=4 mask=6 insize=11151 outsize=11151 ok=1

Cmd: disassembleShader
 name=Standard platform=gles3 type=4 mask=6 insize=11063 outsize=11063 ok=1

Cmd: disassembleShader
 name=Standard platform=gles3 type=4 mask=6 insize=9239 outsize=9239 ok=1

Cmd: disassembleShader
 name=Standard platform=gles3 type=4 mask=6 insize=11020 outsize=11020 ok=1

Cmd: disassembleShader
 name=Standard platform=gles3 type=4 mask=6 insize=10740 outsize=10740 ok=1

Cmd: disassembleShader
 name=Standard platform=gles3 type=4 mask=6 insize=8891 outsize=8891 ok=1

Cmd: disassembleShader
 name=Standard platform=gles3 type=4 mask=6 insize=11173 outsize=11173 ok=1

Cmd: disassembleShader
 name=Standard platform=gles3 type=4 mask=6 insize=10272 outsize=10272 ok=1

Cmd: disassembleShader
 name=Standard platform=gles3 type=4 mask=6 insize=11555 outsize=11555 ok=1

Cmd: disassembleShader
 name=Standard platform=gles3 type=4 mask=6 insize=10910 outsize=10910 ok=1

Cmd: disassembleShader
 name=Standard platform=gles type=5 mask=6 insize=2097 outsize=2097 ok=1

Cmd: disassembleShader
 name=Standard platform=gles3 type=4 mask=6 insize=4343 outsize=4343 ok=1

Cmd: disassembleShader
 name=Standard platform=gles type=5 mask=6 insize=5809 outsize=5809 ok=1

Cmd: disassembleShader
 name=Standard platform=gles type=5 mask=6 insize=5983 outsize=5983 ok=1

Cmd: disassembleShader
 name=Standard platform=gles3 type=4 mask=6 insize=8711 outsize=8711 ok=1

Cmd: disassembleShader
 name=Standard platform=gles3 type=4 mask=6 insize=8665 outsize=8665 ok=1

Cmd: disassembleShader
 name=Standard platform=gles3 type=4 mask=6 insize=8423 outsize=8423 ok=1

Cmd: disassembleShader
 name=Standard platform=gles3 type=4 mask=6 insize=5169 outsize=5169 ok=1

Cmd: disassembleShader
 name=Standard platform=gles type=5 mask=6 insize=8493 outsize=8493 ok=1

Cmd: disassembleShader
 name=Standard platform=gles type=5 mask=6 insize=15574 outsize=15574 ok=1

Cmd: disassembleShader
 name=Standard platform=gles type=5 mask=6 insize=9838 outsize=9838 ok=1

Cmd: disassembleShader
 name=Standard platform=gles type=5 mask=6 insize=13897 outsize=13897 ok=1

Cmd: disassembleShader
 name=Standard platform=gles type=5 mask=6 insize=16964 outsize=16964 ok=1

Cmd: disassembleShader
 name=Standard platform=gles3 type=4 mask=6 insize=10531 outsize=10531 ok=1

Cmd: disassembleShader
 name=Standard platform=gles3 type=4 mask=6 insize=15954 outsize=15954 ok=1

Cmd: disassembleShader
 name=Standard platform=gles3 type=4 mask=6 insize=19152 outsize=19152 ok=1

Cmd: disassembleShader
 name=Standard platform=gles3 type=4 mask=6 insize=18959 outsize=18959 ok=1

Cmd: disassembleShader
 name=Standard platform=gles3 type=4 mask=6 insize=11876 outsize=11876 ok=1

Cmd: disassembleShader
 name=Standard platform=gles3 type=4 mask=6 insize=16147 outsize=16147 ok=1

Cmd: disassembleShader
 name=Standard platform=gles3 type=4 mask=6 insize=16225 outsize=16225 ok=1

Cmd: disassembleShader
 name=Standard platform=gles3 type=4 mask=6 insize=10395 outsize=10395 ok=1

Cmd: disassembleShader
 name=Standard platform=gles3 type=4 mask=6 insize=14947 outsize=14947 ok=1

Cmd: disassembleShader
 name=Standard platform=gles type=5 mask=6 insize=4195 outsize=4195 ok=1

Cmd: disassembleShader
 name=Standard platform=gles type=5 mask=6 insize=6073 outsize=6073 ok=1

Cmd: disassembleShader
 name=Standard platform=gles type=5 mask=6 insize=7250 outsize=7250 ok=1

Cmd: disassembleShader
 name=Standard platform=gles type=5 mask=6 insize=6976 outsize=6976 ok=1

Cmd: disassembleShader
 name=Standard platform=gles type=5 mask=6 insize=5450 outsize=5450 ok=1

Cmd: disassembleShader
 name=Standard platform=gles3 type=4 mask=6 insize=8599 outsize=8599 ok=1

Cmd: disassembleShader
 name=Standard platform=gles3 type=4 mask=6 insize=8114 outsize=8114 ok=1

Cmd: disassembleShader
 name=Standard platform=gles3 type=4 mask=6 insize=7385 outsize=7385 ok=1

Cmd: disassembleShader
 name=Standard platform=gles3 type=4 mask=6 insize=8171 outsize=8171 ok=1

Cmd: disassembleShader
 name=Standard platform=gles3 type=4 mask=6 insize=11074 outsize=11074 ok=1

Cmd: disassembleShader
 name=Standard platform=gles3 type=4 mask=6 insize=12086 outsize=12086 ok=1

Cmd: disassembleShader
 name=Standard platform=gles3 type=4 mask=6 insize=7901 outsize=7901 ok=1

Cmd: disassembleShader
 name=Standard platform=gles3 type=4 mask=6 insize=8609 outsize=8609 ok=1

Cmd: disassembleShader
 name=Standard platform=gles type=5 mask=6 insize=2531 outsize=2531 ok=1

Cmd: compileSnippet
  insize=1188 file=Assets/DefaultResourcesExtra/Particles/Standard Surface pass=ShadowCaster cachingPP=1 ppOnly=0 stripLineD=0 buildPlatform=20 rsLen=0 pKW=UNITY_ENABLE_REFLECTION_BUFFERS UNITY_USE_DITHER_MASK_FOR_ALPHABLENDED_SHADOWS UNITY_PBS_USE_BRDF1 UNITY_SPECCUBE_BOX_PROJECTION UNITY_SPECCUBE_BLENDING UNITY_ENABLE_DETAIL_NORMALMAP SHADER_API_DESKTOP UNITY_COLORSPACE_GAMMA UNITY_LIGHT_PROBE_PROXY_VOLUME UNITY_LIGHTMAP_FULL_HDR UNITY_PASS_SHADOWCASTER uKW=PROCEDURAL_INSTANCING_ON _ALPHAPREMULTIPLY_ON SHADOWS_DEPTH dKW=INSTANCING_ON _ALPHATEST_ON _ALPHABLEND_ON _ALPHAMODULATE_ON _REQUIRE_UV2 SHADOWS_CUBE UNITY_NO_DXT5nm UNITY_FRAMEBUFFER_FETCH_AVAILABLE UNITY_ENABLE_NATIVE_SHADOW_LOOKUPS UNITY_METAL_SHADOWS_USE_POINT_FILTERING UNITY_NO_SCREENSPACE_SHADOWS UNITY_PBS_USE_BRDF2 UNITY_PBS_USE_BRDF3 UNITY_NO_FULL_STANDARD_SHADER UNITY_HARDWARE_TIER1 UNITY_HARDWARE_TIER2 UNITY_HARDWARE_TIER3 UNITY_HALF_PRECISION_FRAGMENT_SHADER_REGISTERS UNITY_LIGHTMAP_DLDR_ENCODING UNITY_LIGHTMAP_RGBM_ENCODING UNITY_VIRTUAL_TEXTURING UNITY_PRETRANSFORM_TO_DISPLAY_ORIENTATION UNITY_ASTC_NORMALMAP_ENCODING SHADER_API_GLES30 UNITY_UNIFIED_SHADER_PRECISION_MODEL flags=0 lang=0 type=Vertex platform=metal reqs=16611 mask=6 start=71 ok=1 outsize=6231

Cmd: compileSnippet
  insize=1188 file=Assets/DefaultResourcesExtra/Particles/Standard Surface pass=ShadowCaster cachingPP=1 ppOnly=0 stripLineD=0 buildPlatform=20 rsLen=0 pKW=UNITY_ENABLE_REFLECTION_BUFFERS UNITY_USE_DITHER_MASK_FOR_ALPHABLENDED_SHADOWS UNITY_PBS_USE_BRDF1 UNITY_SPECCUBE_BOX_PROJECTION UNITY_SPECCUBE_BLENDING UNITY_ENABLE_DETAIL_NORMALMAP SHADER_API_DESKTOP UNITY_COLORSPACE_GAMMA UNITY_LIGHT_PROBE_PROXY_VOLUME UNITY_LIGHTMAP_FULL_HDR UNITY_PASS_SHADOWCASTER uKW=PROCEDURAL_INSTANCING_ON _ALPHAPREMULTIPLY_ON SHADOWS_DEPTH dKW=INSTANCING_ON _ALPHATEST_ON _ALPHABLEND_ON _ALPHAMODULATE_ON _METALLICGLOSSMAP _REQUIRE_UV2 SHADOWS_CUBE UNITY_NO_DXT5nm UNITY_FRAMEBUFFER_FETCH_AVAILABLE UNITY_ENABLE_NATIVE_SHADOW_LOOKUPS UNITY_METAL_SHADOWS_USE_POINT_FILTERING UNITY_NO_SCREENSPACE_SHADOWS UNITY_PBS_USE_BRDF2 UNITY_PBS_USE_BRDF3 UNITY_NO_FULL_STANDARD_SHADER UNITY_HARDWARE_TIER1 UNITY_HARDWARE_TIER2 UNITY_HARDWARE_TIER3 UNITY_HALF_PRECISION_FRAGMENT_SHADER_REGISTERS UNITY_LIGHTMAP_DLDR_ENCODING UNITY_LIGHTMAP_RGBM_ENCODING UNITY_VIRTUAL_TEXTURING UNITY_PRETRANSFORM_TO_DISPLAY_ORIENTATION UNITY_ASTC_NORMALMAP_ENCODING SHADER_API_GLES30 UNITY_UNIFIED_SHADER_PRECISION_MODEL flags=0 lang=0 type=Fragment platform=metal reqs=16611 mask=6 start=71 ok=1 outsize=1758

Cmd: compileSnippet
  insize=41815416 file=Assets/DefaultResourcesExtra/Particles/Standard Surface pass=FORWARD cachingPP=1 ppOnly=0 stripLineD=0 buildPlatform=20 rsLen=0 pKW=UNITY_ENABLE_REFLECTION_BUFFERS UNITY_USE_DITHER_MASK_FOR_ALPHABLENDED_SHADOWS UNITY_PBS_USE_BRDF1 UNITY_SPECCUBE_BOX_PROJECTION UNITY_SPECCUBE_BLENDING UNITY_ENABLE_DETAIL_NORMALMAP SHADER_API_DESKTOP UNITY_COLORSPACE_GAMMA UNITY_LIGHT_PROBE_PROXY_VOLUME UNITY_LIGHTMAP_FULL_HDR UNITY_PASS_FORWARDBASE uKW=DIRECTIONAL LIGHTPROBE_SH dKW=SOFTPARTICLES_ON SHADOWS_SHADOWMASK INSTANCING_ON PROCEDURAL_INSTANCING_ON FOG_LINEAR FOG_EXP FOG_EXP2 _NORMALMAP _FADING_ON _REQUIRE_UV2 EFFECT_BUMP SHADOWS_SCREEN LIGHTMAP_SHADOW_MIXING VERTEXLIGHT_ON UNITY_NO_DXT5nm UNITY_FRAMEBUFFER_FETCH_AVAILABLE UNITY_ENABLE_NATIVE_SHADOW_LOOKUPS UNITY_METAL_SHADOWS_USE_POINT_FILTERING UNITY_NO_SCREENSPACE_SHADOWS UNITY_PBS_USE_BRDF2 UNITY_PBS_USE_BRDF3 UNITY_NO_FULL_STANDARD_SHADER UNITY_HARDWARE_TIER1 UNITY_HARDWARE_TIER2 UNITY_HARDWARE_TIER3 UNITY_HALF_PRECISION_FRAGMENT_SHADER_REGISTERS UNITY_LIGHTMAP_DLDR_ENCODING UNITY_LIGHTMAP_RGBM_ENCODING UNITY_VIRTUAL_TEXTURING UNITY_PRETRANSFORM_TO_DISPLAY_ORIENTATION UNITY_ASTC_NORMALMAP_ENCODING SHADER_API_GLES30 UNITY_UNIFIED_SHADER_PRECISION_MODEL flags=0 lang=0 type=Vertex platform=metal reqs=227 mask=6 start=154 ok=1 outsize=2946

Cmd: compileSnippet
  insize=41815416 file=Assets/DefaultResourcesExtra/Particles/Standard Surface pass=FORWARD cachingPP=1 ppOnly=0 stripLineD=0 buildPlatform=20 rsLen=0 pKW=UNITY_ENABLE_REFLECTION_BUFFERS UNITY_USE_DITHER_MASK_FOR_ALPHABLENDED_SHADOWS UNITY_PBS_USE_BRDF1 UNITY_SPECCUBE_BOX_PROJECTION UNITY_SPECCUBE_BLENDING UNITY_ENABLE_DETAIL_NORMALMAP SHADER_API_DESKTOP UNITY_COLORSPACE_GAMMA UNITY_LIGHT_PROBE_PROXY_VOLUME UNITY_LIGHTMAP_FULL_HDR UNITY_PASS_FORWARDBASE uKW=_ALPHAPREMULTIPLY_ON DIRECTIONAL LIGHTPROBE_SH dKW=SOFTPARTICLES_ON SHADOWS_SHADOWMASK _EMISSION INSTANCING_ON PROCEDURAL_INSTANCING_ON FOG_LINEAR FOG_EXP FOG_EXP2 _ALPHATEST_ON _ALPHABLEND_ON _ALPHAMODULATE_ON _METALLICGLOSSMAP _NORMALMAP _FADING_ON _REQUIRE_UV2 EFFECT_BUMP SHADOWS_SCREEN LIGHTMAP_SHADOW_MIXING UNITY_NO_DXT5nm UNITY_FRAMEBUFFER_FETCH_AVAILABLE UNITY_ENABLE_NATIVE_SHADOW_LOOKUPS UNITY_METAL_SHADOWS_USE_POINT_FILTERING UNITY_NO_SCREENSPACE_SHADOWS UNITY_PBS_USE_BRDF2 UNITY_PBS_USE_BRDF3 UNITY_NO_FULL_STANDARD_SHADER UNITY_HARDWARE_TIER1 UNITY_HARDWARE_TIER2 UNITY_HARDWARE_TIER3 UNITY_HALF_PRECISION_FRAGMENT_SHADER_REGISTERS UNITY_LIGHTMAP_DLDR_ENCODING UNITY_LIGHTMAP_RGBM_ENCODING UNITY_VIRTUAL_TEXTURING UNITY_PRETRANSFORM_TO_DISPLAY_ORIENTATION UNITY_ASTC_NORMALMAP_ENCODING SHADER_API_GLES30 UNITY_UNIFIED_SHADER_PRECISION_MODEL flags=0 lang=0 type=Fragment platform=metal reqs=227 mask=6 start=154 ok=1 outsize=13969

