Base path: '/Applications/Unity/Hub/Editor/2021.3.6f1/Unity.app/Contents', plugins path '/Applications/Unity/Hub/Editor/2021.3.6f1/PlaybackEngines'
Cmd: initializeCompiler

Cmd: disassembleShader
 name=Standard platform=gles type=5 mask=6 insize=14460 outsize=14460 ok=1

Cmd: disassembleShader
 name=Standard platform=gles type=5 mask=6 insize=6927 outsize=6927 ok=1

Cmd: disassembleShader
 name=Standard platform=gles type=5 mask=6 insize=9764 outsize=9764 ok=1

Cmd: disassembleShader
 name=Standard platform=gles type=5 mask=6 insize=9915 outsize=9915 ok=1

Cmd: disassembleShader
 name=Standard platform=gles3 type=4 mask=6 insize=11200 outsize=11200 ok=1

Cmd: disassembleShader
 name=Standard platform=gles3 type=4 mask=6 insize=9196 outsize=9196 ok=1

Cmd: disassembleShader
 name=Standard platform=gles3 type=4 mask=6 insize=12681 outsize=12681 ok=1

Cmd: disassembleShader
 name=Standard platform=gles3 type=4 mask=6 insize=13507 outsize=13507 ok=1

Cmd: disassembleShader
 name=Standard platform=gles3 type=4 mask=6 insize=2712 outsize=2712 ok=1

Cmd: disassembleShader
 name=Standard platform=gles type=5 mask=6 insize=5803 outsize=5803 ok=1

Cmd: disassembleShader
 name=Standard platform=gles3 type=4 mask=6 insize=5145 outsize=5145 ok=1

Cmd: disassembleShader
 name=Standard platform=gles3 type=4 mask=6 insize=5154 outsize=5154 ok=1

Cmd: disassembleShader
 name=Standard platform=gles type=5 mask=6 insize=8138 outsize=8138 ok=1

Cmd: disassembleShader
 name=Standard platform=gles type=5 mask=6 insize=6675 outsize=6675 ok=1

Cmd: disassembleShader
 name=Standard platform=gles type=5 mask=6 insize=14145 outsize=14145 ok=1

Cmd: disassembleShader
 name=Standard platform=gles3 type=4 mask=6 insize=9257 outsize=9257 ok=1

Cmd: disassembleShader
 name=Standard platform=gles3 type=4 mask=6 insize=9276 outsize=9276 ok=1

Cmd: disassembleShader
 name=Standard platform=gles3 type=4 mask=6 insize=15954 outsize=15954 ok=1

Cmd: disassembleShader
 name=Standard platform=gles type=5 mask=6 insize=6552 outsize=6552 ok=1

Cmd: disassembleShader
 name=Standard platform=gles type=5 mask=6 insize=6172 outsize=6172 ok=1

Cmd: disassembleShader
 name=Standard platform=gles3 type=4 mask=6 insize=8912 outsize=8912 ok=1

Cmd: disassembleShader
 name=Standard platform=gles3 type=4 mask=6 insize=7891 outsize=7891 ok=1

Cmd: disassembleShader
 name=Standard platform=gles type=5 mask=6 insize=3045 outsize=3045 ok=1

Cmd: shutdown

Quitting shader compiler process
