Base path: '/Applications/Unity/Hub/Editor/2021.3.6f1/Unity.app/Contents', plugins path '/Applications/Unity/Hub/Editor/2021.3.6f1/PlaybackEngines'
Cmd: initializeCompiler

Cmd: disassembleShader
 name=Standard platform=gles type=5 mask=6 insize=13897 outsize=13897 ok=1

Cmd: disassembleShader
 name=Standard platform=gles type=5 mask=6 insize=8881 outsize=8881 ok=1

Cmd: disassembleShader
 name=Standard platform=gles type=5 mask=6 insize=8747 outsize=8747 ok=1

Cmd: disassembleShader
 name=Standard platform=gles type=5 mask=6 insize=10344 outsize=10344 ok=1

Cmd: disassembleShader
 name=Standard platform=gles3 type=4 mask=6 insize=12911 outsize=12911 ok=1

Cmd: disassembleShader
 name=Standard platform=gles3 type=4 mask=6 insize=12808 outsize=12808 ok=1

Cmd: disassembleShader
 name=Standard platform=gles3 type=4 mask=6 insize=2855 outsize=2855 ok=1

Cmd: disassembleShader
 name=Standard platform=gles type=5 mask=6 insize=4236 outsize=4236 ok=1

Cmd: disassembleShader
 name=Standard platform=gles type=5 mask=6 insize=5757 outsize=5757 ok=1

Cmd: disassembleShader
 name=Standard platform=gles3 type=4 mask=6 insize=8428 outsize=8428 ok=1

Cmd: disassembleShader
 name=Standard platform=gles type=5 mask=6 insize=8449 outsize=8449 ok=1

Cmd: disassembleShader
 name=Standard platform=gles type=5 mask=6 insize=15402 outsize=15402 ok=1

Cmd: disassembleShader
 name=Standard platform=gles type=5 mask=6 insize=6930 outsize=6930 ok=1

Cmd: disassembleShader
 name=Standard platform=gles3 type=4 mask=6 insize=16147 outsize=16147 ok=1

Cmd: disassembleShader
 name=Standard platform=gles3 type=4 mask=6 insize=9039 outsize=9039 ok=1

Cmd: disassembleShader
 name=Standard platform=gles type=5 mask=6 insize=6263 outsize=6263 ok=1

Cmd: disassembleShader
 name=Standard platform=gles type=5 mask=6 insize=6063 outsize=6063 ok=1

Cmd: disassembleShader
 name=Standard platform=gles type=5 mask=6 insize=7970 outsize=7970 ok=1

Cmd: disassembleShader
 name=Standard platform=gles3 type=4 mask=6 insize=7384 outsize=7384 ok=1

Cmd: disassembleShader
 name=Standard platform=gles3 type=4 mask=6 insize=8181 outsize=8181 ok=1

Cmd: disassembleShader
 name=Standard platform=gles3 type=4 mask=6 insize=8061 outsize=8061 ok=1

Cmd: disassembleShader
 name=Standard platform=gles3 type=4 mask=6 insize=3625 outsize=3625 ok=1

Cmd: shutdown

Quitting shader compiler process
