Base path: '/Applications/Unity/Hub/Editor/2021.3.6f1/Unity.app/Contents', plugins path '/Applications/Unity/Hub/Editor/2021.3.6f1/PlaybackEngines'
Cmd: initializeCompiler

Cmd: disassembleShader
 name=Standard platform=gles type=5 mask=6 insize=12815 outsize=12815 ok=1

Cmd: disassembleShader
 name=Standard platform=gles type=5 mask=6 insize=8738 outsize=8738 ok=1

Cmd: disassembleShader
 name=Standard platform=gles type=5 mask=6 insize=10450 outsize=10450 ok=1

Cmd: disassembleShader
 name=Standard platform=gles type=5 mask=6 insize=11719 outsize=11719 ok=1

Cmd: disassembleShader
 name=Standard platform=gles3 type=4 mask=6 insize=15160 outsize=15160 ok=1

Cmd: disassembleShader
 name=Standard platform=gles3 type=4 mask=6 insize=12655 outsize=12655 ok=1

Cmd: disassembleShader
 name=Standard platform=gles type=5 mask=6 insize=3280 outsize=3280 ok=1

Cmd: disassembleShader
 name=Standard platform=gles type=5 mask=6 insize=4457 outsize=4457 ok=1

Cmd: disassembleShader
 name=Standard platform=gles type=5 mask=6 insize=4451 outsize=4451 ok=1

Cmd: disassembleShader
 name=Standard platform=gles3 type=4 mask=6 insize=8606 outsize=8606 ok=1

Cmd: disassembleShader
 name=Standard platform=gles type=5 mask=6 insize=14071 outsize=14071 ok=1

Cmd: disassembleShader
 name=Standard platform=gles type=5 mask=6 insize=6886 outsize=6886 ok=1

Cmd: disassembleShader
 name=Standard platform=gles type=5 mask=6 insize=9583 outsize=9583 ok=1

Cmd: disassembleShader
 name=Standard platform=gles type=5 mask=6 insize=6886 outsize=6886 ok=1

Cmd: disassembleShader
 name=Standard platform=gles3 type=4 mask=6 insize=19090 outsize=19090 ok=1

Cmd: disassembleShader
 name=Standard platform=gles3 type=4 mask=6 insize=9269 outsize=9269 ok=1

Cmd: disassembleShader
 name=Standard platform=gles type=5 mask=6 insize=5008 outsize=5008 ok=1

Cmd: disassembleShader
 name=Standard platform=gles type=5 mask=6 insize=8747 outsize=8747 ok=1

Cmd: disassembleShader
 name=Standard platform=gles type=5 mask=6 insize=6314 outsize=6314 ok=1

Cmd: disassembleShader
 name=Standard platform=gles3 type=4 mask=6 insize=8764 outsize=8764 ok=1

Cmd: disassembleShader
 name=Standard platform=gles3 type=4 mask=6 insize=10272 outsize=10272 ok=1

Cmd: disassembleShader
 name=Standard platform=gles type=5 mask=6 insize=2600 outsize=2600 ok=1

Cmd: shutdown

Quitting shader compiler process
