Base path: '/Applications/Unity/Hub/Editor/2021.3.6f1/Unity.app/Contents', plugins path '/Applications/Unity/Hub/Editor/2021.3.6f1/PlaybackEngines'
Cmd: initializeCompiler

Cmd: disassembleShader
 name=Standard platform=gles type=5 mask=6 insize=14071 outsize=14071 ok=1

Cmd: disassembleShader
 name=Standard platform=gles type=5 mask=6 insize=8871 outsize=8871 ok=1

Cmd: disassembleShader
 name=Standard platform=gles type=5 mask=6 insize=6943 outsize=6943 ok=1

Cmd: disassembleShader
 name=Standard platform=gles type=5 mask=6 insize=11583 outsize=11583 ok=1

Cmd: disassembleShader
 name=Standard platform=gles3 type=4 mask=6 insize=9683 outsize=9683 ok=1

Cmd: disassembleShader
 name=Standard platform=gles3 type=4 mask=6 insize=15221 outsize=15221 ok=1

Cmd: disassembleShader
 name=Standard platform=gles3 type=4 mask=6 insize=11031 outsize=11031 ok=1

Cmd: disassembleShader
 name=Standard platform=gles type=5 mask=6 insize=2839 outsize=2839 ok=1

Cmd: disassembleShader
 name=Standard platform=gles type=5 mask=6 insize=6014 outsize=6014 ok=1

Cmd: disassembleShader
 name=Standard platform=gles type=5 mask=6 insize=4466 outsize=4466 ok=1

Cmd: disassembleShader
 name=Standard platform=gles3 type=4 mask=6 insize=8382 outsize=8382 ok=1

Cmd: disassembleShader
 name=Standard platform=gles type=5 mask=6 insize=15576 outsize=15576 ok=1

Cmd: disassembleShader
 name=Standard platform=gles type=5 mask=6 insize=5138 outsize=5138 ok=1

Cmd: disassembleShader
 name=Standard platform=gles type=5 mask=6 insize=14071 outsize=14071 ok=1

Cmd: disassembleShader
 name=Standard platform=gles3 type=4 mask=6 insize=10761 outsize=10761 ok=1

Cmd: disassembleShader
 name=Standard platform=gles3 type=4 mask=6 insize=16225 outsize=16225 ok=1

Cmd: disassembleShader
 name=Standard platform=gles3 type=4 mask=6 insize=12095 outsize=12095 ok=1

Cmd: disassembleShader
 name=Standard platform=gles3 type=4 mask=6 insize=7721 outsize=7721 ok=1

Cmd: disassembleShader
 name=Standard platform=gles type=5 mask=6 insize=5751 outsize=5751 ok=1

Cmd: disassembleShader
 name=Standard platform=gles type=5 mask=6 insize=7260 outsize=7260 ok=1

Cmd: disassembleShader
 name=Standard platform=gles type=5 mask=6 insize=9764 outsize=9764 ok=1

Cmd: disassembleShader
 name=Standard platform=gles3 type=4 mask=6 insize=7949 outsize=7949 ok=1

Cmd: disassembleShader
 name=Standard platform=gles3 type=4 mask=6 insize=2855 outsize=2855 ok=1

Cmd: shutdown

Quitting shader compiler process
