Base path: '/Applications/Unity/Hub/Editor/2021.3.6f1/Unity.app/Contents', plugins path '/Applications/Unity/Hub/Editor/2021.3.6f1/PlaybackEngines'
Cmd: initializeCompiler

Cmd: disassembleShader
 name=Standard platform=gles type=5 mask=6 insize=8138 outsize=8138 ok=1

Cmd: disassembleShader
 name=Standard platform=gles type=5 mask=6 insize=7061 outsize=7061 ok=1

Cmd: disassembleShader
 name=Standard platform=gles type=5 mask=6 insize=8621 outsize=8621 ok=1

Cmd: disassembleShader
 name=Standard platform=gles type=5 mask=6 insize=7970 outsize=7970 ok=1

Cmd: disassembleShader
 name=Standard platform=gles type=5 mask=6 insize=11729 outsize=11729 ok=1

Cmd: disassembleShader
 name=Standard platform=gles3 type=4 mask=6 insize=7863 outsize=7863 ok=1

Cmd: disassembleShader
 name=Standard platform=gles3 type=4 mask=6 insize=12974 outsize=12974 ok=1

Cmd: disassembleShader
 name=Standard platform=gles3 type=4 mask=6 insize=12063 outsize=12063 ok=1

Cmd: disassembleShader
 name=Standard platform=gles3 type=4 mask=6 insize=11708 outsize=11708 ok=1

Cmd: disassembleShader
 name=Standard platform=gles type=5 mask=6 insize=2531 outsize=2531 ok=1

Cmd: disassembleShader
 name=Standard platform=gles type=5 mask=6 insize=6029 outsize=6029 ok=1

Cmd: disassembleShader
 name=Standard platform=gles type=5 mask=6 insize=5763 outsize=5763 ok=1

Cmd: disassembleShader
 name=Standard platform=gles3 type=4 mask=6 insize=5160 outsize=5160 ok=1

Cmd: disassembleShader
 name=Standard platform=gles type=5 mask=6 insize=6675 outsize=6675 ok=1

Cmd: disassembleShader
 name=Standard platform=gles type=5 mask=6 insize=9567 outsize=9567 ok=1

Cmd: disassembleShader
 name=Standard platform=gles type=5 mask=6 insize=17136 outsize=17136 ok=1

Cmd: disassembleShader
 name=Standard platform=gles3 type=4 mask=6 insize=7721 outsize=7721 ok=1

Cmd: disassembleShader
 name=Standard platform=gles3 type=4 mask=6 insize=20521 outsize=20521 ok=1

Cmd: disassembleShader
 name=Standard platform=gles type=5 mask=6 insize=6430 outsize=6430 ok=1

Cmd: disassembleShader
 name=Standard platform=gles type=5 mask=6 insize=6464 outsize=6464 ok=1

Cmd: disassembleShader
 name=Standard platform=gles type=5 mask=6 insize=7111 outsize=7111 ok=1

Cmd: disassembleShader
 name=Standard platform=gles3 type=4 mask=6 insize=8922 outsize=8922 ok=1

Cmd: disassembleShader
 name=Standard platform=gles3 type=4 mask=6 insize=9196 outsize=9196 ok=1

Cmd: disassembleShader
 name=Standard platform=gles3 type=4 mask=6 insize=7791 outsize=7791 ok=1

Cmd: disassembleShader
 name=Standard platform=gles type=5 mask=6 insize=2531 outsize=2531 ok=1

Cmd: shutdown

Quitting shader compiler process
