Base path: '/Applications/Unity/Hub/Editor/2021.3.6f1/Unity.app/Contents', plugins path '/Applications/Unity/Hub/Editor/2021.3.6f1/PlaybackEngines'
Cmd: initializeCompiler

Cmd: disassembleShader
 name=Standard platform=gles type=5 mask=6 insize=15576 outsize=15576 ok=1

Cmd: disassembleShader
 name=Standard platform=gles type=5 mask=6 insize=8625 outsize=8625 ok=1

Cmd: disassembleShader
 name=Standard platform=gles type=5 mask=6 insize=8419 outsize=8419 ok=1

Cmd: disassembleShader
 name=Standard platform=gles type=5 mask=6 insize=11136 outsize=11136 ok=1

Cmd: disassembleShader
 name=Standard platform=gles type=5 mask=6 insize=10198 outsize=10198 ok=1

Cmd: disassembleShader
 name=Standard platform=gles type=5 mask=6 insize=6770 outsize=6770 ok=1

Cmd: disassembleShader
 name=Standard platform=gles3 type=4 mask=6 insize=10697 outsize=10697 ok=1

Cmd: disassembleShader
 name=Standard platform=gles3 type=4 mask=6 insize=12086 outsize=12086 ok=1

Cmd: disassembleShader
 name=Standard platform=gles3 type=4 mask=6 insize=12836 outsize=12836 ok=1

Cmd: disassembleShader
 name=Standard platform=gles type=5 mask=6 insize=2097 outsize=2097 ok=1

Cmd: disassembleShader
 name=Standard platform=gles type=5 mask=6 insize=4442 outsize=4442 ok=1

Cmd: disassembleShader
 name=Standard platform=gles3 type=4 mask=6 insize=8469 outsize=8469 ok=1

Cmd: disassembleShader
 name=Standard platform=gles type=5 mask=6 insize=6661 outsize=6661 ok=1

Cmd: disassembleShader
 name=Standard platform=gles type=5 mask=6 insize=9794 outsize=9794 ok=1

Cmd: disassembleShader
 name=Standard platform=gles type=5 mask=6 insize=8138 outsize=8138 ok=1

Cmd: disassembleShader
 name=Standard platform=gles3 type=4 mask=6 insize=9039 outsize=9039 ok=1

Cmd: disassembleShader
 name=Standard platform=gles3 type=4 mask=6 insize=12106 outsize=12106 ok=1

Cmd: disassembleShader
 name=Standard platform=gles3 type=4 mask=6 insize=9276 outsize=9276 ok=1

Cmd: disassembleShader
 name=Standard platform=gles type=5 mask=6 insize=6562 outsize=6562 ok=1

Cmd: disassembleShader
 name=Standard platform=gles type=5 mask=6 insize=6986 outsize=6986 ok=1

Cmd: disassembleShader
 name=Standard platform=gles3 type=4 mask=6 insize=8406 outsize=8406 ok=1

Cmd: disassembleShader
 name=Standard platform=gles3 type=4 mask=6 insize=11006 outsize=11006 ok=1

Cmd: disassembleShader
 name=Standard platform=gles3 type=4 mask=6 insize=8051 outsize=8051 ok=1

Cmd: disassembleShader
 name=Standard platform=gles3 type=4 mask=6 insize=2712 outsize=2712 ok=1

Cmd: disassembleShader
 name=Standard platform=gles3 type=4 mask=6 insize=2855 outsize=2855 ok=1

Cmd: shutdown

Quitting shader compiler process
