Base path: '/Applications/Unity/Hub/Editor/2021.3.6f1/Unity.app/Contents', plugins path '/Applications/Unity/Hub/Editor/2021.3.6f1/PlaybackEngines'
Cmd: initializeCompiler

Cmd: disassembleShader
 name=Standard platform=gles type=5 mask=6 insize=8038 outsize=8038 ok=1

Cmd: disassembleShader
 name=Standard platform=gles type=5 mask=6 insize=8728 outsize=8728 ok=1

Cmd: disassembleShader
 name=Standard platform=gles type=5 mask=6 insize=9300 outsize=9300 ok=1

Cmd: disassembleShader
 name=Standard platform=gles type=5 mask=6 insize=8489 outsize=8489 ok=1

Cmd: disassembleShader
 name=Standard platform=gles3 type=4 mask=6 insize=9721 outsize=9721 ok=1

Cmd: disassembleShader
 name=Standard platform=gles3 type=4 mask=6 insize=11074 outsize=11074 ok=1

Cmd: disassembleShader
 name=Standard platform=gles3 type=4 mask=6 insize=13380 outsize=13380 ok=1

Cmd: disassembleShader
 name=Standard platform=gles type=5 mask=6 insize=2531 outsize=2531 ok=1

Cmd: disassembleShader
 name=Standard platform=gles3 type=4 mask=6 insize=2855 outsize=2855 ok=1

Cmd: disassembleShader
 name=Standard platform=gles type=5 mask=6 insize=4236 outsize=4236 ok=1

Cmd: disassembleShader
 name=Standard platform=gles type=5 mask=6 insize=4280 outsize=4280 ok=1

Cmd: disassembleShader
 name=Standard platform=gles3 type=4 mask=6 insize=4920 outsize=4920 ok=1

Cmd: disassembleShader
 name=Standard platform=gles type=5 mask=6 insize=8238 outsize=8238 ok=1

Cmd: disassembleShader
 name=Standard platform=gles type=5 mask=6 insize=8006 outsize=8006 ok=1

Cmd: disassembleShader
 name=Standard platform=gles type=5 mask=6 insize=5138 outsize=5138 ok=1

Cmd: disassembleShader
 name=Standard platform=gles3 type=4 mask=6 insize=13385 outsize=13385 ok=1

Cmd: disassembleShader
 name=Standard platform=gles3 type=4 mask=6 insize=20652 outsize=20652 ok=1

Cmd: disassembleShader
 name=Standard platform=gles type=5 mask=6 insize=6420 outsize=6420 ok=1

Cmd: disassembleShader
 name=Standard platform=gles type=5 mask=6 insize=8737 outsize=8737 ok=1

Cmd: disassembleShader
 name=Standard platform=gles type=5 mask=6 insize=6273 outsize=6273 ok=1

Cmd: disassembleShader
 name=Standard platform=gles3 type=4 mask=6 insize=7374 outsize=7374 ok=1

Cmd: disassembleShader
 name=Standard platform=gles3 type=4 mask=6 insize=7594 outsize=7594 ok=1

Cmd: disassembleShader
 name=Standard platform=gles3 type=4 mask=6 insize=12063 outsize=12063 ok=1

Cmd: disassembleShader
 name=Standard platform=gles3 type=4 mask=6 insize=2712 outsize=2712 ok=1

Cmd: disassembleShader
 name=Standard platform=gles3 type=4 mask=6 insize=3768 outsize=3768 ok=1

Cmd: shutdown

Quitting shader compiler process
