Base path: '/Applications/Unity/Hub/Editor/2021.3.6f1/Unity.app/Contents', plugins path '/Applications/Unity/Hub/Editor/2021.3.6f1/PlaybackEngines'
Cmd: initializeCompiler

Cmd: disassembleShader
 name=Standard platform=gles type=5 mask=6 insize=14281 outsize=14281 ok=1

Cmd: disassembleShader
 name=Standard platform=gles type=5 mask=6 insize=7351 outsize=7351 ok=1

Cmd: disassembleShader
 name=Standard platform=gles type=5 mask=6 insize=6579 outsize=6579 ok=1

Cmd: disassembleShader
 name=Standard platform=gles type=5 mask=6 insize=9774 outsize=9774 ok=1

Cmd: disassembleShader
 name=Standard platform=gles type=5 mask=6 insize=8635 outsize=8635 ok=1

Cmd: disassembleShader
 name=Standard platform=gles3 type=4 mask=6 insize=11006 outsize=11006 ok=1

Cmd: disassembleShader
 name=Standard platform=gles3 type=4 mask=6 insize=13354 outsize=13354 ok=1

Cmd: disassembleShader
 name=Standard platform=gles3 type=4 mask=6 insize=9086 outsize=9086 ok=1

Cmd: disassembleShader
 name=Standard platform=gles3 type=4 mask=6 insize=4200 outsize=4200 ok=1

Cmd: disassembleShader
 name=Standard platform=gles type=5 mask=6 insize=5968 outsize=5968 ok=1

Cmd: disassembleShader
 name=Standard platform=gles3 type=4 mask=6 insize=4920 outsize=4920 ok=1

Cmd: disassembleShader
 name=Standard platform=gles3 type=4 mask=6 insize=4964 outsize=4964 ok=1

Cmd: disassembleShader
 name=Standard platform=gles type=5 mask=6 insize=14145 outsize=14145 ok=1

Cmd: disassembleShader
 name=Standard platform=gles type=5 mask=6 insize=17138 outsize=17138 ok=1

Cmd: disassembleShader
 name=Standard platform=gles3 type=4 mask=6 insize=10395 outsize=10395 ok=1

Cmd: disassembleShader
 name=Standard platform=gles3 type=4 mask=6 insize=10602 outsize=10602 ok=1

Cmd: disassembleShader
 name=Standard platform=gles type=5 mask=6 insize=5018 outsize=5018 ok=1

Cmd: disassembleShader
 name=Standard platform=gles type=5 mask=6 insize=5264 outsize=5264 ok=1

Cmd: disassembleShader
 name=Standard platform=gles type=5 mask=6 insize=9774 outsize=9774 ok=1

Cmd: disassembleShader
 name=Standard platform=gles3 type=4 mask=6 insize=8752 outsize=8752 ok=1

Cmd: disassembleShader
 name=Standard platform=gles3 type=4 mask=6 insize=7265 outsize=7265 ok=1

Cmd: disassembleShader
 name=Standard platform=gles type=5 mask=6 insize=2097 outsize=2097 ok=1

Cmd: shutdown

Quitting shader compiler process
