Base path: '/Applications/Unity/Hub/Editor/2021.3.6f1/Unity.app/Contents', plugins path '/Applications/Unity/Hub/Editor/2021.3.6f1/PlaybackEngines'
Cmd: initializeCompiler

Cmd: disassembleShader
 name=Standard platform=gles type=5 mask=6 insize=14145 outsize=14145 ok=1

Cmd: disassembleShader
 name=Standard platform=gles type=5 mask=6 insize=5528 outsize=5528 ok=1

Cmd: disassembleShader
 name=Standard platform=gles type=5 mask=6 insize=10460 outsize=10460 ok=1

Cmd: disassembleShader
 name=Standard platform=gles type=5 mask=6 insize=8348 outsize=8348 ok=1

Cmd: disassembleShader
 name=Standard platform=gles type=5 mask=6 insize=11573 outsize=11573 ok=1

Cmd: disassembleShader
 name=Standard platform=gles3 type=4 mask=6 insize=10867 outsize=10867 ok=1

Cmd: disassembleShader
 name=Standard platform=gles3 type=4 mask=6 insize=13412 outsize=13412 ok=1

Cmd: disassembleShader
 name=Standard platform=gles3 type=4 mask=6 insize=10878 outsize=10878 ok=1

Cmd: disassembleShader
 name=Standard platform=gles3 type=4 mask=6 insize=13535 outsize=13535 ok=1

Cmd: disassembleShader
 name=Standard platform=gles3 type=4 mask=6 insize=2712 outsize=2712 ok=1

Cmd: disassembleShader
 name=Standard platform=gles type=5 mask=6 insize=4280 outsize=4280 ok=1

Cmd: disassembleShader
 name=Standard platform=gles3 type=4 mask=6 insize=8652 outsize=8652 ok=1

Cmd: disassembleShader
 name=Standard platform=gles3 type=4 mask=6 insize=4964 outsize=4964 ok=1

Cmd: disassembleShader
 name=Standard platform=gles type=5 mask=6 insize=13897 outsize=13897 ok=1

Cmd: disassembleShader
 name=Standard platform=gles type=5 mask=6 insize=6930 outsize=6930 ok=1

Cmd: disassembleShader
 name=Standard platform=gles type=5 mask=6 insize=11129 outsize=11129 ok=1

Cmd: disassembleShader
 name=Standard platform=gles3 type=4 mask=6 insize=10750 outsize=10750 ok=1

Cmd: disassembleShader
 name=Standard platform=gles3 type=4 mask=6 insize=9269 outsize=9269 ok=1

Cmd: disassembleShader
 name=Standard platform=gles3 type=4 mask=6 insize=20714 outsize=20714 ok=1

Cmd: disassembleShader
 name=Standard platform=gles type=5 mask=6 insize=5623 outsize=5623 ok=1

Cmd: disassembleShader
 name=Standard platform=gles type=5 mask=6 insize=6943 outsize=6943 ok=1

Cmd: disassembleShader
 name=Standard platform=gles type=5 mask=6 insize=7101 outsize=7101 ok=1

Cmd: disassembleShader
 name=Standard platform=gles3 type=4 mask=6 insize=6557 outsize=6557 ok=1

Cmd: disassembleShader
 name=Standard platform=gles3 type=4 mask=6 insize=8396 outsize=8396 ok=1

Cmd: disassembleShader
 name=Standard platform=gles3 type=4 mask=6 insize=7094 outsize=7094 ok=1

Cmd: disassembleShader
 name=Standard platform=gles type=5 mask=6 insize=2097 outsize=2097 ok=1

Cmd: shutdown

Quitting shader compiler process
